<?xml version="1.0" encoding="utf-8"?>
<testsuites>
	<!-- tests 0 -->
	<!-- suites 0 -->
	<!-- pass 0 -->
	<!-- fail 0 -->
	<!-- cancelled 0 -->
	<!-- skipped 0 -->
	<!-- todo 0 -->
	<!-- duration_ms 14.217 -->
</testsuites>
